TN:
SF:C:/Pooja/Order Booking/Webapp/client/src/polyfills.ts
FNF:0
FNH:0
DA:46,1
DA:74,1
LF:2
LH:2
BRF:0
BRH:0
end_of_record
TN:
SF:C:/Pooja/Order Booking/Webapp/client/src/test.ts
FNF:0
FNH:0
DA:3,1
DA:4,1
DA:5,1
DA:13,1
DA:18,1
DA:20,1
LF:6
LH:6
BRF:0
BRH:0
end_of_record
TN:
SF:C:/Pooja/Order Booking/Webapp/client/src/app/app.component.ts
FN:9,(anonymous_1)
FNF:1
FNH:1
FNDA:2,(anonymous_1)
DA:2,1
DA:9,1
LF:2
LH:2
BRF:0
BRH:0
end_of_record
TN:
SF:C:/Pooja/Order Booking/Webapp/client/src/app/app.module.ts
FN:61,(anonymous_1)
FNF:1
FNH:1
FNDA:17,(anonymous_1)
DA:2,1
DA:5,1
DA:6,1
DA:7,1
DA:8,1
DA:9,1
DA:10,1
DA:11,1
DA:12,1
DA:15,1
DA:16,1
DA:19,1
DA:20,1
DA:21,1
DA:61,1
LF:15
LH:15
BRF:0
BRH:0
end_of_record
TN:
SF:C:/Pooja/Order Booking/Webapp/client/src/app/app.routing.module.ts
FN:42,(anonymous_1)
FNF:1
FNH:1
FNDA:18,(anonymous_1)
DA:2,1
DA:5,1
DA:8,1
DA:10,1
DA:42,1
LF:5
LH:5
BRF:0
BRH:0
end_of_record
TN:
SF:C:/Pooja/Order Booking/Webapp/client/src/app/components/book/book-create/book-create.component.ts
FN:22,(anonymous_2)
FN:25,BookCreateComponent
FN:30,(anonymous_4)
FN:67,(anonymous_5)
FN:70,(anonymous_6)
FN:75,(anonymous_7)
FN:79,(anonymous_8)
FN:83,(anonymous_9)
FN:87,(anonymous_10)
FN:91,(anonymous_11)
FN:95,(anonymous_12)
FN:99,(anonymous_13)
FN:103,(anonymous_14)
FN:107,(anonymous_15)
FNF:14
FNH:12
FNDA:1,(anonymous_2)
FNDA:2,BookCreateComponent
FNDA:3,(anonymous_4)
FNDA:0,(anonymous_5)
FNDA:0,(anonymous_6)
FNDA:12,(anonymous_7)
FNDA:12,(anonymous_8)
FNDA:12,(anonymous_9)
FNDA:12,(anonymous_10)
FNDA:12,(anonymous_11)
FNDA:12,(anonymous_12)
FNDA:12,(anonymous_13)
FNDA:12,(anonymous_14)
FNDA:12,(anonymous_15)
DA:2,1
DA:5,1
DA:8,1
DA:11,1
DA:14,1
DA:15,1
DA:22,1
DA:26,2
DA:27,2
DA:30,1
DA:31,3
DA:67,1
DA:68,0
DA:71,0
DA:75,1
DA:76,12
DA:79,1
DA:80,12
DA:83,1
DA:84,12
DA:87,1
DA:88,12
DA:91,1
DA:92,12
DA:95,1
DA:96,12
DA:99,1
DA:100,12
DA:103,1
DA:104,12
DA:107,1
DA:108,12
DA:111,1
LF:33
LH:31
BRF:0
BRH:0
end_of_record
TN:
SF:C:/Pooja/Order Booking/Webapp/client/src/app/components/book/book-delete/book-delete.component.ts
FN:18,(anonymous_3)
FN:22,BookDeleteComponent
FN:28,(anonymous_5)
FN:34,(anonymous_6)
FN:39,(anonymous_7)
FN:61,(anonymous_8)
FN:64,(anonymous_9)
FNF:7
FNH:4
FNDA:1,(anonymous_3)
FNDA:1,BookDeleteComponent
FNDA:1,(anonymous_5)
FNDA:0,(anonymous_6)
FNDA:1,(anonymous_7)
FNDA:0,(anonymous_8)
FNDA:0,(anonymous_9)
DA:2,1
DA:5,1
DA:8,1
DA:11,1
DA:18,1
DA:23,1
DA:24,1
DA:25,1
DA:28,1
DA:29,1
DA:30,1
DA:32,1
DA:35,0
DA:39,1
DA:40,1
DA:61,1
DA:62,0
DA:65,0
DA:69,1
LF:19
LH:16
BRF:0
BRH:0
end_of_record
TN:
SF:C:/Pooja/Order Booking/Webapp/client/src/app/components/book/book-details/book-details.component.ts
FN:20,(anonymous_2)
FN:31,BookDetailsComponent
FN:39,(anonymous_4)
FN:47,(anonymous_5)
FN:53,(anonymous_6)
FN:56,(anonymous_7)
FN:59,(anonymous_8)
FN:64,(anonymous_9)
FN:67,(anonymous_10)
FN:69,(anonymous_11)
FN:74,(anonymous_12)
FN:79,(anonymous_13)
FN:87,(anonymous_14)
FN:95,(anonymous_15)
FN:99,(anonymous_16)
FN:103,(anonymous_17)
FN:107,(anonymous_18)
FNF:17
FNH:9
FNDA:1,(anonymous_2)
FNDA:6,BookDetailsComponent
FNDA:6,(anonymous_4)
FNDA:0,(anonymous_5)
FNDA:1,(anonymous_6)
FNDA:1,(anonymous_7)
FNDA:0,(anonymous_8)
FNDA:1,(anonymous_9)
FNDA:1,(anonymous_10)
FNDA:0,(anonymous_11)
FNDA:1,(anonymous_12)
FNDA:0,(anonymous_13)
FNDA:1,(anonymous_14)
FNDA:0,(anonymous_15)
FNDA:0,(anonymous_16)
FNDA:0,(anonymous_17)
FNDA:0,(anonymous_18)
DA:2,1
DA:5,1
DA:8,1
DA:9,1
DA:10,1
DA:20,1
DA:29,6
DA:32,6
DA:33,6
DA:34,6
DA:35,6
DA:36,6
DA:39,6
DA:40,6
DA:41,6
DA:42,6
DA:43,6
DA:45,6
DA:48,0
DA:49,0
DA:53,1
DA:54,1
DA:57,1
DA:58,1
DA:60,0
DA:64,1
DA:65,1
DA:68,1
DA:70,0
DA:74,1
DA:75,1
DA:76,1
DA:77,1
DA:80,0
DA:81,0
DA:82,0
DA:87,1
DA:88,1
DA:89,1
DA:90,1
DA:91,1
DA:95,1
DA:96,0
DA:99,1
DA:100,0
DA:103,1
DA:104,0
DA:107,1
DA:108,0
DA:111,1
LF:50
LH:39
BRDA:75,0,0,1
BRDA:75,0,1,0
BRF:2
BRH:1
end_of_record
TN:
SF:C:/Pooja/Order Booking/Webapp/client/src/app/components/book/book-edit/book-edit.component.ts
FN:22,(anonymous_3)
FN:26,BookEditComponent
FN:32,(anonymous_5)
FN:38,(anonymous_6)
FN:43,(anonymous_7)
FN:80,(anonymous_8)
FN:83,(anonymous_9)
FN:88,(anonymous_10)
FN:92,(anonymous_11)
FN:96,(anonymous_12)
FN:100,(anonymous_13)
FN:104,(anonymous_14)
FN:108,(anonymous_15)
FN:112,(anonymous_16)
FN:116,(anonymous_17)
FN:120,(anonymous_18)
FNF:16
FNH:13
FNDA:1,(anonymous_3)
FNDA:1,BookEditComponent
FNDA:1,(anonymous_5)
FNDA:0,(anonymous_6)
FNDA:1,(anonymous_7)
FNDA:0,(anonymous_8)
FNDA:0,(anonymous_9)
FNDA:6,(anonymous_10)
FNDA:6,(anonymous_11)
FNDA:6,(anonymous_12)
FNDA:6,(anonymous_13)
FNDA:6,(anonymous_14)
FNDA:6,(anonymous_15)
FNDA:6,(anonymous_16)
FNDA:6,(anonymous_17)
FNDA:6,(anonymous_18)
DA:2,1
DA:5,1
DA:8,1
DA:11,1
DA:14,1
DA:15,1
DA:22,1
DA:27,1
DA:28,1
DA:29,1
DA:32,1
DA:33,1
DA:34,1
DA:36,1
DA:39,0
DA:43,1
DA:44,1
DA:80,1
DA:81,0
DA:84,0
DA:88,1
DA:89,6
DA:92,1
DA:93,6
DA:96,1
DA:97,6
DA:100,1
DA:101,6
DA:104,1
DA:105,6
DA:108,1
DA:109,6
DA:112,1
DA:113,6
DA:116,1
DA:117,6
DA:120,1
DA:121,6
DA:124,1
LF:39
LH:36
BRF:0
BRH:0
end_of_record
TN:
SF:C:/Pooja/Order Booking/Webapp/client/src/app/components/book/book-store/book-store.component.ts
FN:22,(anonymous_2)
FN:32,BookStoreComponent
FN:38,(anonymous_4)
FN:39,(anonymous_5)
FN:46,(anonymous_6)
FN:51,(anonymous_7)
FN:56,(anonymous_8)
FN:60,(anonymous_9)
FN:66,(anonymous_10)
FN:79,(anonymous_11)
FNF:10
FNH:7
FNDA:1,(anonymous_2)
FNDA:1,BookStoreComponent
FNDA:1,(anonymous_4)
FNDA:1,(anonymous_5)
FNDA:0,(anonymous_6)
FNDA:1,(anonymous_7)
FNDA:1,(anonymous_8)
FNDA:0,(anonymous_9)
FNDA:1,(anonymous_10)
FNDA:0,(anonymous_11)
DA:2,1
DA:5,1
DA:11,1
DA:12,1
DA:22,1
DA:24,1
DA:25,1
DA:26,1
DA:27,1
DA:33,1
DA:34,1
DA:35,1
DA:38,1
DA:39,1
DA:40,1
DA:41,1
DA:44,1
DA:47,0
DA:51,1
DA:52,1
DA:53,1
DA:56,1
DA:57,1
DA:58,1
DA:61,0
DA:62,0
DA:66,1
DA:67,1
DA:68,0
DA:73,1
DA:79,1
DA:80,0
DA:81,0
DA:83,1
LF:34
LH:28
BRDA:67,0,0,0
BRDA:67,0,1,1
BRF:2
BRH:1
end_of_record
TN:
SF:C:/Pooja/Order Booking/Webapp/client/src/app/components/common/my-common.module.ts
FN:30,(anonymous_1)
FNF:1
FNH:1
FNDA:18,(anonymous_1)
DA:2,1
DA:5,1
DA:6,1
DA:7,1
DA:10,1
DA:11,1
DA:12,1
DA:30,1
LF:8
LH:8
BRF:0
BRH:0
end_of_record
TN:
SF:C:/Pooja/Order Booking/Webapp/client/src/app/components/common/footer/footer.component.ts
FN:9,(anonymous_1)
FNF:1
FNH:1
FNDA:3,(anonymous_1)
DA:2,1
DA:9,1
LF:2
LH:2
BRF:0
BRH:0
end_of_record
TN:
SF:C:/Pooja/Order Booking/Webapp/client/src/app/components/common/header/header.component.ts
FN:9,(anonymous_1)
FNF:1
FNH:1
FNDA:3,(anonymous_1)
DA:2,1
DA:9,1
LF:2
LH:2
BRF:0
BRH:0
end_of_record
TN:
SF:C:/Pooja/Order Booking/Webapp/client/src/app/components/common/navigation/navigation.component.ts
FN:22,(anonymous_2)
FN:32,NavigationComponent
FN:38,(anonymous_4)
FN:39,(anonymous_5)
FN:48,(anonymous_6)
FN:54,(anonymous_7)
FN:65,(anonymous_8)
FN:71,(anonymous_9)
FN:79,(anonymous_10)
FN:87,(anonymous_11)
FN:91,(anonymous_12)
FN:95,(anonymous_13)
FN:103,(anonymous_14)
FN:109,(anonymous_15)
FN:112,(anonymous_16)
FN:117,(anonymous_17)
FNF:16
FNH:12
FNDA:1,(anonymous_2)
FNDA:7,NavigationComponent
FNDA:6,(anonymous_4)
FNDA:0,(anonymous_5)
FNDA:1,(anonymous_6)
FNDA:0,(anonymous_7)
FNDA:7,(anonymous_8)
FNDA:6,(anonymous_9)
FNDA:1,(anonymous_10)
FNDA:0,(anonymous_11)
FNDA:36,(anonymous_12)
FNDA:1,(anonymous_13)
FNDA:1,(anonymous_14)
FNDA:1,(anonymous_15)
FNDA:0,(anonymous_16)
FNDA:1,(anonymous_17)
DA:2,1
DA:5,1
DA:8,1
DA:14,1
DA:15,1
DA:22,1
DA:33,7
DA:34,7
DA:35,7
DA:38,6
DA:39,6
DA:40,6
DA:41,6
DA:42,6
DA:43,0
DA:46,6
DA:49,1
DA:52,6
DA:55,0
DA:56,0
DA:57,0
DA:58,0
DA:59,0
DA:60,0
DA:65,1
DA:66,7
DA:67,7
DA:68,6
DA:71,1
DA:72,6
DA:79,1
DA:80,1
DA:81,1
DA:82,0
DA:83,0
DA:87,1
DA:88,0
DA:91,1
DA:92,36
DA:95,1
DA:96,1
DA:97,1
DA:100,1
DA:103,1
DA:104,1
DA:105,1
DA:109,1
DA:110,1
DA:113,0
DA:117,1
DA:118,1
DA:119,1
DA:120,1
DA:121,1
DA:122,1
DA:124,1
LF:56
LH:45
BRDA:42,0,0,0
BRDA:42,0,1,6
BRDA:55,1,0,0
BRDA:55,1,1,0
BRDA:57,2,0,0
BRDA:57,2,1,0
BRDA:59,3,0,0
BRDA:59,3,1,0
BRDA:81,4,0,0
BRDA:81,4,1,1
BRDA:96,5,0,1
BRDA:96,5,1,0
BRDA:104,6,0,1
BRDA:104,6,1,0
BRF:14
BRH:4
end_of_record
TN:
SF:C:/Pooja/Order Booking/Webapp/client/src/app/components/landing/home/home.component.ts
FN:19,(anonymous_2)
FN:24,HomeComponent
FN:26,(anonymous_4)
FN:29,(anonymous_5)
FN:35,(anonymous_6)
FN:41,(anonymous_7)
FNF:6
FNH:3
FNDA:1,(anonymous_2)
FNDA:1,HomeComponent
FNDA:1,(anonymous_4)
FNDA:0,(anonymous_5)
FNDA:0,(anonymous_6)
FNDA:0,(anonymous_7)
DA:2,1
DA:5,1
DA:10,1
DA:11,1
DA:12,1
DA:19,1
DA:24,1
DA:26,1
DA:27,1
DA:30,0
DA:33,1
DA:36,0
DA:39,1
DA:42,0
DA:46,1
LF:15
LH:12
BRF:0
BRH:0
end_of_record
TN:
SF:C:/Pooja/Order Booking/Webapp/client/src/app/components/user/login/login.component.ts
FN:18,(anonymous_2)
FN:21,LoginComponent
FN:26,(anonymous_4)
FN:39,(anonymous_5)
FN:42,(anonymous_6)
FN:47,(anonymous_7)
FN:51,(anonymous_8)
FNF:7
FNH:5
FNDA:1,(anonymous_2)
FNDA:1,LoginComponent
FNDA:1,(anonymous_4)
FNDA:0,(anonymous_5)
FNDA:0,(anonymous_6)
FNDA:6,(anonymous_7)
FNDA:6,(anonymous_8)
DA:2,1
DA:5,1
DA:8,1
DA:11,1
DA:18,1
DA:22,1
DA:23,1
DA:26,1
DA:27,1
DA:39,1
DA:40,0
DA:43,0
DA:47,1
DA:48,6
DA:51,1
DA:52,6
DA:55,1
LF:17
LH:15
BRF:0
BRH:0
end_of_record
TN:
SF:C:/Pooja/Order Booking/Webapp/client/src/app/components/user/profile/profile.component.ts
FN:30,(anonymous_2)
FN:38,ProfileComponent
FN:46,(anonymous_4)
FN:47,(anonymous_5)
FN:55,(anonymous_6)
FN:72,(anonymous_7)
FN:76,(anonymous_8)
FN:79,(anonymous_9)
FN:84,(anonymous_10)
FN:88,(anonymous_11)
FN:98,(anonymous_12)
FN:104,(anonymous_13)
FN:110,(anonymous_14)
FN:116,(anonymous_15)
FN:120,(anonymous_16)
FNF:15
FNH:8
FNDA:1,(anonymous_2)
FNDA:4,ProfileComponent
FNDA:4,(anonymous_4)
FNDA:4,(anonymous_5)
FNDA:0,(anonymous_6)
FNDA:4,(anonymous_7)
FNDA:0,(anonymous_8)
FNDA:0,(anonymous_9)
FNDA:0,(anonymous_10)
FNDA:0,(anonymous_11)
FNDA:0,(anonymous_12)
FNDA:1,(anonymous_13)
FNDA:1,(anonymous_14)
FNDA:1,(anonymous_15)
FNDA:0,(anonymous_16)
DA:2,1
DA:5,1
DA:8,1
DA:11,1
DA:12,1
DA:13,1
DA:19,1
DA:30,1
DA:39,4
DA:40,4
DA:41,4
DA:42,4
DA:43,4
DA:46,4
DA:47,4
DA:48,4
DA:49,4
DA:50,0
DA:53,4
DA:56,0
DA:57,0
DA:61,4
DA:62,4
DA:64,4
DA:72,1
DA:73,4
DA:76,1
DA:77,0
DA:80,0
DA:84,1
DA:85,0
DA:88,1
DA:89,0
DA:91,0
DA:96,0
DA:99,0
DA:100,0
DA:104,1
DA:105,1
DA:110,1
DA:111,1
DA:116,1
DA:117,1
DA:120,1
DA:121,0
DA:124,1
LF:46
LH:34
BRDA:49,0,0,0
BRDA:49,0,1,4
BRF:2
BRH:1
end_of_record
TN:
SF:C:/Pooja/Order Booking/Webapp/client/src/app/components/user/receipts/receipts.component.ts
FN:15,(anonymous_2)
FN:18,ReceiptsComponent
FN:20,(anonymous_4)
FN:23,(anonymous_5)
FNF:4
FNH:3
FNDA:1,(anonymous_2)
FNDA:1,ReceiptsComponent
FNDA:1,(anonymous_4)
FNDA:0,(anonymous_5)
DA:2,1
DA:5,1
DA:15,1
DA:18,1
DA:20,1
DA:21,1
DA:24,0
DA:28,1
LF:8
LH:7
BRF:0
BRH:0
end_of_record
TN:
SF:C:/Pooja/Order Booking/Webapp/client/src/app/components/user/register/register.component.ts
FN:21,(anonymous_2)
FN:24,RegisterComponent
FN:29,(anonymous_4)
FN:48,(anonymous_5)
FN:51,(anonymous_6)
FN:56,(anonymous_7)
FN:60,(anonymous_8)
FN:64,(anonymous_9)
FN:68,(anonymous_10)
FN:72,(anonymous_11)
FNF:10
FNH:6
FNDA:1,(anonymous_2)
FNDA:1,RegisterComponent
FNDA:1,(anonymous_4)
FNDA:0,(anonymous_5)
FNDA:0,(anonymous_6)
FNDA:6,(anonymous_7)
FNDA:0,(anonymous_8)
FNDA:6,(anonymous_9)
FNDA:0,(anonymous_10)
FNDA:6,(anonymous_11)
DA:2,1
DA:5,1
DA:6,1
DA:9,1
DA:12,1
DA:14,1
DA:21,1
DA:25,1
DA:26,1
DA:29,1
DA:30,1
DA:48,1
DA:49,0
DA:52,0
DA:56,1
DA:57,6
DA:60,1
DA:61,0
DA:64,1
DA:65,6
DA:68,1
DA:69,0
DA:72,1
DA:73,6
DA:76,1
LF:25
LH:21
BRF:0
BRH:0
end_of_record
TN:
SF:C:/Pooja/Order Booking/Webapp/client/src/app/core/directives/is-isbn.directive.ts
FN:16,(anonymous_1)
FN:29,(anonymous_2)
FN:30,(anonymous_4)
FNF:3
FNH:2
FNDA:11,(anonymous_1)
FNDA:1,(anonymous_2)
FNDA:0,(anonymous_4)
DA:2,1
DA:5,1
DA:14,1
DA:16,1
DA:17,11
DA:18,11
DA:29,1
DA:30,1
DA:31,0
DA:33,1
LF:10
LH:9
BRDA:18,0,0,11
BRDA:18,0,1,0
BRF:2
BRH:1
end_of_record
TN:
SF:C:/Pooja/Order Booking/Webapp/client/src/app/core/directives/is-url.directive.ts
FN:16,(anonymous_1)
FN:29,(anonymous_2)
FN:30,(anonymous_4)
FNF:3
FNH:2
FNDA:15,(anonymous_1)
FNDA:1,(anonymous_2)
FNDA:0,(anonymous_4)
DA:2,1
DA:5,1
DA:14,1
DA:16,1
DA:17,15
DA:18,15
DA:29,1
DA:30,1
DA:31,0
DA:33,1
LF:10
LH:9
BRDA:18,0,0,15
BRDA:18,0,1,0
BRF:2
BRH:1
end_of_record
TN:
SF:C:/Pooja/Order Booking/Webapp/client/src/app/core/directives/must-match.directive.ts
FN:14,(anonymous_1)
FN:29,(anonymous_2)
FN:30,(anonymous_4)
FNF:3
FNH:2
FNDA:7,(anonymous_1)
FNDA:1,(anonymous_2)
FNDA:0,(anonymous_4)
DA:2,1
DA:5,1
DA:14,1
DA:15,7
DA:16,7
DA:18,7
DA:29,1
DA:30,1
DA:31,0
DA:33,1
LF:10
LH:9
BRDA:18,0,0,0
BRDA:18,0,1,7
BRDA:18,1,0,7
BRDA:18,1,1,7
BRDA:18,1,2,7
BRF:5
BRH:4
end_of_record
TN:
SF:C:/Pooja/Order Booking/Webapp/client/src/app/core/interceptors/error.interceptor.ts
FN:21,(anonymous_2)
FN:23,ErrorInterceptor
FN:25,(anonymous_4)
FN:28,(anonymous_5)
FNF:4
FNH:3
FNDA:1,(anonymous_2)
FNDA:13,ErrorInterceptor
FNDA:16,(anonymous_4)
FNDA:0,(anonymous_5)
DA:2,1
DA:5,1
DA:6,1
DA:18,1
DA:21,1
DA:23,13
DA:25,16
DA:26,16
DA:29,0
DA:31,0
DA:34,0
DA:35,0
DA:36,0
DA:37,0
DA:38,0
DA:44,0
DA:47,1
LF:17
LH:9
BRDA:29,0,0,0
BRDA:29,0,1,0
BRDA:35,1,0,0
BRDA:35,1,1,0
BRDA:37,2,0,0
BRDA:37,2,1,0
BRF:6
BRH:0
end_of_record
TN:
SF:C:/Pooja/Order Booking/Webapp/client/src/app/core/interceptors/jwt.interceptor.ts
FN:19,(anonymous_2)
FN:21,JwtInterceptor
FN:23,(anonymous_4)
FNF:3
FNH:3
FNDA:1,(anonymous_2)
FNDA:13,JwtInterceptor
FNDA:16,(anonymous_4)
DA:2,1
DA:16,1
DA:19,1
DA:21,13
DA:23,1
DA:24,16
DA:25,0
DA:34,16
DA:37,1
LF:9
LH:8
BRDA:24,0,0,0
BRDA:24,0,1,16
BRF:2
BRH:1
end_of_record
TN:
SF:C:/Pooja/Order Booking/Webapp/client/src/app/core/interceptors/success.interceptor.ts
FN:22,(anonymous_2)
FN:24,SuccessInterceptor
FN:29,(anonymous_4)
FN:33,(anonymous_5)
FNF:4
FNH:4
FNDA:1,(anonymous_2)
FNDA:13,SuccessInterceptor
FNDA:16,(anonymous_4)
FNDA:16,(anonymous_5)
DA:2,1
DA:6,1
DA:9,1
DA:18,1
DA:19,1
DA:22,1
DA:25,13
DA:26,13
DA:29,16
DA:30,16
DA:34,16
DA:35,0
DA:36,0
DA:40,16
DA:42,0
DA:43,0
DA:44,0
DA:50,1
LF:18
LH:13
BRDA:34,0,0,0
BRDA:34,0,1,16
BRDA:35,1,0,0
BRDA:35,1,1,0
BRDA:35,2,0,0
BRDA:35,2,1,0
BRDA:40,3,0,0
BRDA:40,3,1,16
BRDA:40,4,0,16
BRDA:40,4,1,0
BRDA:40,4,2,16
BRDA:40,4,3,0
BRF:12
BRH:4
end_of_record
TN:
SF:C:/Pooja/Order Booking/Webapp/client/src/app/core/models/book.model.ts
FN:3,(anonymous_0)
FN:4,Book
FNF:2
FNH:1
FNDA:1,(anonymous_0)
FNDA:0,Book
DA:3,1
DA:5,0
DA:6,0
DA:7,0
DA:8,0
DA:9,0
DA:10,0
DA:11,0
DA:12,0
DA:13,0
DA:14,0
DA:15,0
DA:16,0
DA:17,0
DA:18,0
DA:19,0
DA:20,0
DA:21,0
DA:23,1
LF:19
LH:2
BRF:0
BRH:0
end_of_record
TN:
SF:C:/Pooja/Order Booking/Webapp/client/src/app/core/pipes/comment-time.pipe.ts
FN:4,calcTime
FN:38,pluralize
FN:51,(anonymous_3)
FN:52,(anonymous_5)
FNF:4
FNH:1
FNDA:0,calcTime
FNDA:0,pluralize
FNDA:2,(anonymous_3)
FNDA:0,(anonymous_5)
DA:2,1
DA:5,0
DA:6,0
DA:8,0
DA:9,0
DA:12,0
DA:13,0
DA:16,0
DA:18,0
DA:19,0
DA:22,0
DA:24,0
DA:25,0
DA:28,0
DA:30,0
DA:31,0
DA:34,0
DA:36,0
DA:39,0
DA:40,0
DA:42,0
DA:51,1
DA:52,1
DA:53,0
DA:56,1
LF:25
LH:4
BRDA:8,0,0,0
BRDA:8,0,1,0
BRDA:12,1,0,0
BRDA:12,1,1,0
BRDA:18,2,0,0
BRDA:18,2,1,0
BRDA:24,3,0,0
BRDA:24,3,1,0
BRDA:30,4,0,0
BRDA:30,4,1,0
BRDA:39,5,0,0
BRDA:39,5,1,0
BRF:12
BRH:0
end_of_record
TN:
SF:C:/Pooja/Order Booking/Webapp/client/src/app/core/pipes/shorten-string.pipe.ts
FN:8,(anonymous_1)
FN:9,(anonymous_3)
FNF:2
FNH:1
FNDA:5,(anonymous_1)
FNDA:0,(anonymous_3)
DA:2,1
DA:8,1
DA:9,1
DA:10,0
DA:11,0
DA:14,0
DA:17,1
LF:7
LH:4
BRDA:10,0,0,0
BRDA:10,0,1,0
BRF:2
BRH:0
end_of_record
TN:
SF:C:/Pooja/Order Booking/Webapp/client/src/app/core/services/book.service.ts
FN:26,(anonymous_2)
FN:28,BookService
FN:30,(anonymous_4)
FN:34,(anonymous_5)
FN:38,(anonymous_6)
FN:42,(anonymous_7)
FN:46,(anonymous_8)
FN:50,(anonymous_9)
FN:54,(anonymous_10)
FNF:9
FNH:5
FNDA:1,(anonymous_2)
FNDA:12,BookService
FNDA:8,(anonymous_4)
FNDA:0,(anonymous_5)
FNDA:0,(anonymous_6)
FNDA:0,(anonymous_7)
FNDA:1,(anonymous_8)
FNDA:0,(anonymous_9)
FNDA:4,(anonymous_10)
DA:2,1
DA:8,1
DA:14,1
DA:15,1
DA:16,1
DA:17,1
DA:18,1
DA:19,1
DA:20,1
DA:21,1
DA:26,1
DA:28,12
DA:30,1
DA:31,8
DA:34,1
DA:35,0
DA:38,1
DA:39,0
DA:42,1
DA:43,0
DA:46,1
DA:47,1
DA:50,1
DA:51,0
DA:54,1
DA:55,4
DA:57,1
LF:27
LH:23
BRF:0
BRH:0
end_of_record
TN:
SF:C:/Pooja/Order Booking/Webapp/client/src/app/core/services/cart.service.ts
FN:24,(anonymous_2)
FN:26,CartService
FN:28,(anonymous_4)
FN:32,(anonymous_5)
FN:35,(anonymous_6)
FN:36,(anonymous_7)
FN:42,(anonymous_8)
FN:46,(anonymous_9)
FN:50,(anonymous_10)
FNF:9
FNH:4
FNDA:1,(anonymous_2)
FNDA:14,CartService
FNDA:1,(anonymous_4)
FNDA:1,(anonymous_5)
FNDA:0,(anonymous_6)
FNDA:0,(anonymous_7)
FNDA:0,(anonymous_8)
FNDA:0,(anonymous_9)
FNDA:0,(anonymous_10)
DA:2,1
DA:6,1
DA:9,1
DA:15,1
DA:16,1
DA:17,1
DA:18,1
DA:19,1
DA:24,1
DA:26,14
DA:28,1
DA:29,1
DA:32,1
DA:33,1
DA:36,0
DA:37,0
DA:42,1
DA:43,0
DA:46,1
DA:47,0
DA:50,1
DA:51,0
DA:53,1
LF:23
LH:18
BRF:0
BRH:0
end_of_record
TN:
SF:C:/Pooja/Order Booking/Webapp/client/src/app/core/services/comment.service.ts
FN:23,(anonymous_2)
FN:25,CommentService
FN:27,(anonymous_4)
FN:31,(anonymous_5)
FN:35,(anonymous_6)
FN:39,(anonymous_7)
FN:43,(anonymous_8)
FNF:7
FNH:3
FNDA:1,(anonymous_2)
FNDA:5,CommentService
FNDA:1,(anonymous_4)
FNDA:0,(anonymous_5)
FNDA:0,(anonymous_6)
FNDA:0,(anonymous_7)
FNDA:0,(anonymous_8)
DA:2,1
DA:8,1
DA:14,1
DA:15,1
DA:16,1
DA:17,1
DA:18,1
DA:23,1
DA:25,5
DA:27,1
DA:28,1
DA:31,1
DA:32,0
DA:35,1
DA:36,0
DA:39,1
DA:40,0
DA:43,1
DA:44,0
DA:46,1
LF:20
LH:16
BRF:0
BRH:0
end_of_record
TN:
SF:C:/Pooja/Order Booking/Webapp/client/src/app/core/services/helper.service.ts
FN:13,(anonymous_1)
FN:10,HelperService
FN:18,(anonymous_3)
FN:22,(anonymous_4)
FN:26,(anonymous_5)
FN:36,(anonymous_6)
FN:50,(anonymous_7)
FN:64,(anonymous_8)
FNF:8
FNH:7
FNDA:1,(anonymous_1)
FNDA:21,HelperService
FNDA:0,(anonymous_3)
FNDA:1,(anonymous_4)
FNDA:11,(anonymous_5)
FNDA:28,(anonymous_6)
FNDA:11,(anonymous_7)
FNDA:50,(anonymous_8)
DA:2,1
DA:5,1
DA:8,1
DA:13,1
DA:14,21
DA:15,21
DA:16,21
DA:18,1
DA:19,0
DA:22,1
DA:23,1
DA:26,1
DA:27,11
DA:28,11
DA:30,0
DA:32,11
DA:36,1
DA:37,28
DA:38,28
DA:40,0
DA:41,0
DA:44,0
DA:46,28
DA:50,1
DA:51,11
DA:52,11
DA:54,0
DA:55,0
DA:58,0
DA:60,11
DA:64,1
DA:65,50
DA:67,1
LF:33
LH:25
BRDA:40,0,0,0
BRDA:40,0,1,0
BRDA:54,1,0,0
BRDA:54,1,1,0
BRDA:54,2,0,0
BRDA:54,2,1,0
BRF:6
BRH:0
end_of_record
TN:
SF:C:/Pooja/Order Booking/Webapp/client/src/app/core/services/user.service.ts
FN:27,(anonymous_2)
FN:29,UserService
FN:31,(anonymous_4)
FN:35,(anonymous_5)
FN:39,(anonymous_6)
FN:43,(anonymous_7)
FN:47,(anonymous_8)
FN:51,(anonymous_9)
FN:55,(anonymous_10)
FNF:9
FNH:6
FNDA:1,(anonymous_2)
FNDA:7,UserService
FNDA:0,(anonymous_4)
FNDA:0,(anonymous_5)
FNDA:4,(anonymous_6)
FNDA:1,(anonymous_7)
FNDA:0,(anonymous_8)
FNDA:1,(anonymous_9)
FNDA:1,(anonymous_10)
DA:2,1
DA:8,1
DA:15,1
DA:16,1
DA:17,1
DA:18,1
DA:19,1
DA:20,1
DA:21,1
DA:22,1
DA:27,1
DA:29,7
DA:31,1
DA:32,0
DA:35,1
DA:36,0
DA:39,1
DA:40,4
DA:43,1
DA:44,1
DA:47,1
DA:48,0
DA:51,1
DA:52,1
DA:55,1
DA:56,1
DA:58,1
LF:27
LH:24
BRF:0
BRH:0
end_of_record
TN:
SF:C:/Pooja/Order Booking/Webapp/client/src/app/core/shared/shared.module.ts
FN:50,(anonymous_1)
FNF:1
FNH:1
FNDA:17,(anonymous_1)
DA:2,1
DA:5,1
DA:6,1
DA:7,1
DA:10,1
DA:11,1
DA:12,1
DA:15,1
DA:16,1
DA:17,1
DA:20,1
DA:21,1
DA:50,1
LF:13
LH:13
BRF:0
BRH:0
end_of_record
TN:
SF:C:/Pooja/Order Booking/Webapp/client/src/app/core/shared/book/book.component.ts
FN:12,(anonymous_2)
FN:15,BookComponent
FN:18,(anonymous_4)
FNF:3
FNH:2
FNDA:1,(anonymous_2)
FNDA:1,BookComponent
FNDA:0,(anonymous_4)
DA:2,1
DA:3,1
DA:5,1
DA:12,1
DA:13,1
DA:15,1
DA:18,1
DA:19,0
DA:22,1
LF:9
LH:8
BRF:0
BRH:0
end_of_record
TN:
SF:C:/Pooja/Order Booking/Webapp/client/src/app/core/shared/cart/cart.component.ts
FN:29,(anonymous_2)
FN:37,CartComponent
FN:44,(anonymous_4)
FN:47,(anonymous_5)
FN:54,(anonymous_6)
FN:58,(anonymous_7)
FN:61,(anonymous_8)
FN:73,(anonymous_9)
FN:80,(anonymous_10)
FN:88,(anonymous_11)
FN:96,(anonymous_12)
FN:99,(anonymous_13)
FN:101,(anonymous_14)
FN:107,(anonymous_15)
FN:110,(anonymous_16)
FN:116,(anonymous_17)
FN:125,(anonymous_18)
FNF:17
FNH:4
FNDA:1,(anonymous_2)
FNDA:1,CartComponent
FNDA:1,(anonymous_4)
FNDA:0,(anonymous_5)
FNDA:1,(anonymous_6)
FNDA:0,(anonymous_7)
FNDA:0,(anonymous_8)
FNDA:0,(anonymous_9)
FNDA:0,(anonymous_10)
FNDA:0,(anonymous_11)
FNDA:0,(anonymous_12)
FNDA:0,(anonymous_13)
FNDA:0,(anonymous_14)
FNDA:0,(anonymous_15)
FNDA:0,(anonymous_16)
FNDA:0,(anonymous_17)
FNDA:0,(anonymous_18)
DA:2,1
DA:6,1
DA:9,1
DA:13,1
DA:16,1
DA:17,1
DA:18,1
DA:29,1
DA:38,1
DA:39,1
DA:40,1
DA:41,1
DA:44,1
DA:45,1
DA:48,0
DA:49,0
DA:50,0
DA:54,1
DA:55,1
DA:58,1
DA:59,0
DA:61,0
DA:62,0
DA:70,0
DA:73,1
DA:74,0
DA:81,0
DA:82,0
DA:83,0
DA:88,1
DA:89,0
DA:90,0
DA:96,1
DA:97,0
DA:100,0
DA:101,0
DA:102,0
DA:103,0
DA:107,1
DA:108,0
DA:111,0
DA:112,0
DA:116,1
DA:117,0
DA:118,0
DA:119,0
DA:122,0
DA:125,1
DA:126,0
DA:128,1
LF:50
LH:24
BRDA:63,0,0,0
BRDA:63,0,1,0
BRDA:81,1,0,0
BRDA:81,1,1,0
BRF:4
BRH:0
end_of_record
TN:
SF:C:/Pooja/Order Booking/Webapp/client/src/app/core/shared/comment/comment.component.ts
FN:19,(anonymous_2)
FN:33,CommentComponent
FN:39,(anonymous_4)
FN:46,(anonymous_5)
FN:51,(anonymous_6)
FN:76,(anonymous_7)
FN:84,(anonymous_8)
FN:92,(anonymous_9)
FN:95,(anonymous_10)
FN:102,(anonymous_11)
FN:105,(anonymous_12)
FN:112,(anonymous_13)
FN:116,(anonymous_14)
FN:128,(anonymous_15)
FN:133,(anonymous_16)
FN:134,(anonymous_17)
FN:138,(anonymous_18)
FNF:17
FNH:3
FNDA:1,(anonymous_2)
FNDA:1,CommentComponent
FNDA:1,(anonymous_4)
FNDA:0,(anonymous_5)
FNDA:0,(anonymous_6)
FNDA:0,(anonymous_7)
FNDA:0,(anonymous_8)
FNDA:0,(anonymous_9)
FNDA:0,(anonymous_10)
FNDA:0,(anonymous_11)
FNDA:0,(anonymous_12)
FNDA:0,(anonymous_13)
FNDA:0,(anonymous_14)
FNDA:0,(anonymous_15)
FNDA:0,(anonymous_16)
FNDA:0,(anonymous_17)
FNDA:0,(anonymous_18)
DA:2,1
DA:6,1
DA:7,1
DA:11,1
DA:12,1
DA:19,1
DA:20,1
DA:21,1
DA:22,1
DA:23,1
DA:27,1
DA:34,1
DA:35,1
DA:36,1
DA:39,1
DA:40,1
DA:44,1
DA:47,0
DA:51,1
DA:52,0
DA:53,0
DA:54,0
DA:55,0
DA:56,0
DA:57,0
DA:58,0
DA:59,0
DA:62,0
DA:63,0
DA:65,0
DA:66,0
DA:67,0
DA:70,0
DA:76,1
DA:77,0
DA:78,0
DA:84,1
DA:85,0
DA:86,0
DA:88,0
DA:92,1
DA:93,0
DA:96,0
DA:97,0
DA:102,1
DA:103,0
DA:106,0
DA:109,0
DA:112,1
DA:113,0
DA:114,0
DA:117,0
DA:118,0
DA:119,0
DA:120,0
DA:125,0
DA:128,1
DA:129,0
DA:130,0
DA:131,0
DA:134,0
DA:138,1
DA:139,0
DA:142,1
LF:64
LH:26
BRDA:52,0,0,0
BRDA:52,0,1,0
BRDA:57,1,0,0
BRDA:57,1,1,0
BRDA:85,2,0,0
BRDA:85,2,1,0
BRDA:96,3,0,0
BRDA:96,3,1,0
BRDA:118,4,0,0
BRDA:118,4,1,0
BRF:10
BRH:0
end_of_record
